2025-11-14 01:39:02,007 -  - WARN [net.shibboleth.shared.security.impl.BasicKeystoreKeyStrategy:361] - Keystore version resource unmodified in 30 days, consider rotating key
2025-11-14 01:39:02,428 -  - WARN [org.springframework.context.support.PostProcessorRegistrationDelegate$BeanPostProcessorChecker:437] - Bean 'org.opensaml.saml.metadata.resolver.filter.impl.EntitiesDescriptorNameProcessor#0' of type [org.opensaml.saml.metadata.resolver.filter.impl.EntitiesDescriptorNameProcessor] is not eligible for getting processed by all BeanPostProcessors (for example: not eligible for auto-proxying). Is this bean getting eagerly injected/applied to a currently created BeanPostProcessor [net.shibboleth.spring.metadata.NodeProcessingAttachingBeanPostProcessor#0]? Check the corresponding BeanPostProcessor declaration and its dependencies/advisors. If this bean does not have to be post-processed, declare it with ROLE_INFRASTRUCTURE.
2025-11-14 01:39:02,429 -  - WARN [org.springframework.context.support.PostProcessorRegistrationDelegate$BeanPostProcessorChecker:437] - Bean 'net.shibboleth.idp.saml.security.impl.KeyAuthorityNodeProcessor#0' of type [net.shibboleth.idp.saml.security.impl.KeyAuthorityNodeProcessor] is not eligible for getting processed by all BeanPostProcessors (for example: not eligible for auto-proxying). Is this bean getting eagerly injected/applied to a currently created BeanPostProcessor [net.shibboleth.spring.metadata.NodeProcessingAttachingBeanPostProcessor#0]? Check the corresponding BeanPostProcessor declaration and its dependencies/advisors. If this bean does not have to be post-processed, declare it with ROLE_INFRASTRUCTURE.
2025-11-14 01:39:02,429 -  - WARN [org.springframework.context.support.PostProcessorRegistrationDelegate$BeanPostProcessorChecker:437] - Bean 'net.shibboleth.idp.saml.metadata.impl.ScopesNodeProcessor#0' of type [net.shibboleth.idp.saml.metadata.impl.ScopesNodeProcessor] is not eligible for getting processed by all BeanPostProcessors (for example: not eligible for auto-proxying). Is this bean getting eagerly injected/applied to a currently created BeanPostProcessor [net.shibboleth.spring.metadata.NodeProcessingAttachingBeanPostProcessor#0]? Check the corresponding BeanPostProcessor declaration and its dependencies/advisors. If this bean does not have to be post-processed, declare it with ROLE_INFRASTRUCTURE.
2025-11-14 01:39:02,430 -  - WARN [org.springframework.context.support.PostProcessorRegistrationDelegate$BeanPostProcessorChecker:437] - Bean 'net.shibboleth.idp.saml.metadata.impl.UIInfoNodeProcessor#0' of type [net.shibboleth.idp.saml.metadata.impl.UIInfoNodeProcessor] is not eligible for getting processed by all BeanPostProcessors (for example: not eligible for auto-proxying). Is this bean getting eagerly injected/applied to a currently created BeanPostProcessor [net.shibboleth.spring.metadata.NodeProcessingAttachingBeanPostProcessor#0]? Check the corresponding BeanPostProcessor declaration and its dependencies/advisors. If this bean does not have to be post-processed, declare it with ROLE_INFRASTRUCTURE.
2025-11-14 01:39:02,431 -  - WARN [org.springframework.context.support.PostProcessorRegistrationDelegate$BeanPostProcessorChecker:437] - Bean 'net.shibboleth.idp.saml.attribute.impl.AttributeMappingNodeProcessor#0' of type [net.shibboleth.idp.saml.attribute.impl.AttributeMappingNodeProcessor] is not eligible for getting processed by all BeanPostProcessors (for example: not eligible for auto-proxying). Is this bean getting eagerly injected/applied to a currently created BeanPostProcessor [net.shibboleth.spring.metadata.NodeProcessingAttachingBeanPostProcessor#0]? Check the corresponding BeanPostProcessor declaration and its dependencies/advisors. If this bean does not have to be post-processed, declare it with ROLE_INFRASTRUCTURE.
2025-11-14 01:39:04,622 -  - WARN [net.shibboleth.idp.admin.impl.ReportUpdateStatus:138] - Version 5.1.4 can be upgraded to 5.1.6
2025-11-14 01:39:04,622 -  - WARN [net.shibboleth.idp.admin.impl.ReportUpdateStatus:153] - Support level for 5.1.4 is OutOfDate
2025-11-14 01:39:16,708 - 172.20.0.3 - WARN [org.opensaml.saml.saml2.binding.decoding.impl.HTTPRedirectDeflateDecoder:219] - Signature algorithm could not be extracted from request, cannot build simple signature content
2025-11-14 01:39:16,708 - 172.20.0.3 - WARN [org.opensaml.saml.saml2.binding.decoding.impl.HTTPRedirectDeflateDecoder:177] - Could not extract signed content string from query string
2025-11-14 02:12:04,740 - 172.20.0.3 - WARN [org.opensaml.saml.saml2.binding.decoding.impl.HTTPRedirectDeflateDecoder:219] - Signature algorithm could not be extracted from request, cannot build simple signature content
2025-11-14 02:12:04,740 - 172.20.0.3 - WARN [org.opensaml.saml.saml2.binding.decoding.impl.HTTPRedirectDeflateDecoder:177] - Could not extract signed content string from query string
2025-11-14 02:12:05,031 - 172.20.0.3 - ERROR [net.shibboleth.idp.authn.impl.TransitionMultiFactorAuthentication:273] - Profile Action TransitionMultiFactorAuthentication: Targeted login flow 'authn/WebAuthn3' is not configured, check available flow descriptors
2025-11-14 02:12:21,889 - 172.20.0.3 - WARN [org.opensaml.saml.saml2.binding.decoding.impl.HTTPRedirectDeflateDecoder:219] - Signature algorithm could not be extracted from request, cannot build simple signature content
2025-11-14 02:12:21,889 - 172.20.0.3 - WARN [org.opensaml.saml.saml2.binding.decoding.impl.HTTPRedirectDeflateDecoder:177] - Could not extract signed content string from query string
2025-11-14 02:12:30,453 - 172.20.0.3 - WARN [org.opensaml.saml.saml2.binding.decoding.impl.HTTPRedirectDeflateDecoder:219] - Signature algorithm could not be extracted from request, cannot build simple signature content
2025-11-14 02:12:30,454 - 172.20.0.3 - WARN [org.opensaml.saml.saml2.binding.decoding.impl.HTTPRedirectDeflateDecoder:177] - Could not extract signed content string from query string
2025-11-14 02:12:30,480 - 172.20.0.3 - ERROR [net.shibboleth.idp.authn.impl.TransitionMultiFactorAuthentication:273] - Profile Action TransitionMultiFactorAuthentication: Targeted login flow 'authn/WebAuthn3' is not configured, check available flow descriptors
2025-11-14 02:13:14,168 -  - WARN [net.shibboleth.shared.security.impl.BasicKeystoreKeyStrategy:361] - Keystore version resource unmodified in 30 days, consider rotating key
2025-11-14 02:13:14,643 -  - WARN [org.springframework.context.support.PostProcessorRegistrationDelegate$BeanPostProcessorChecker:437] - Bean 'org.opensaml.saml.metadata.resolver.filter.impl.EntitiesDescriptorNameProcessor#0' of type [org.opensaml.saml.metadata.resolver.filter.impl.EntitiesDescriptorNameProcessor] is not eligible for getting processed by all BeanPostProcessors (for example: not eligible for auto-proxying). Is this bean getting eagerly injected/applied to a currently created BeanPostProcessor [net.shibboleth.spring.metadata.NodeProcessingAttachingBeanPostProcessor#0]? Check the corresponding BeanPostProcessor declaration and its dependencies/advisors. If this bean does not have to be post-processed, declare it with ROLE_INFRASTRUCTURE.
2025-11-14 02:13:14,644 -  - WARN [org.springframework.context.support.PostProcessorRegistrationDelegate$BeanPostProcessorChecker:437] - Bean 'net.shibboleth.idp.saml.security.impl.KeyAuthorityNodeProcessor#0' of type [net.shibboleth.idp.saml.security.impl.KeyAuthorityNodeProcessor] is not eligible for getting processed by all BeanPostProcessors (for example: not eligible for auto-proxying). Is this bean getting eagerly injected/applied to a currently created BeanPostProcessor [net.shibboleth.spring.metadata.NodeProcessingAttachingBeanPostProcessor#0]? Check the corresponding BeanPostProcessor declaration and its dependencies/advisors. If this bean does not have to be post-processed, declare it with ROLE_INFRASTRUCTURE.
2025-11-14 02:13:14,644 -  - WARN [org.springframework.context.support.PostProcessorRegistrationDelegate$BeanPostProcessorChecker:437] - Bean 'net.shibboleth.idp.saml.metadata.impl.ScopesNodeProcessor#0' of type [net.shibboleth.idp.saml.metadata.impl.ScopesNodeProcessor] is not eligible for getting processed by all BeanPostProcessors (for example: not eligible for auto-proxying). Is this bean getting eagerly injected/applied to a currently created BeanPostProcessor [net.shibboleth.spring.metadata.NodeProcessingAttachingBeanPostProcessor#0]? Check the corresponding BeanPostProcessor declaration and its dependencies/advisors. If this bean does not have to be post-processed, declare it with ROLE_INFRASTRUCTURE.
2025-11-14 02:13:14,644 -  - WARN [org.springframework.context.support.PostProcessorRegistrationDelegate$BeanPostProcessorChecker:437] - Bean 'net.shibboleth.idp.saml.metadata.impl.UIInfoNodeProcessor#0' of type [net.shibboleth.idp.saml.metadata.impl.UIInfoNodeProcessor] is not eligible for getting processed by all BeanPostProcessors (for example: not eligible for auto-proxying). Is this bean getting eagerly injected/applied to a currently created BeanPostProcessor [net.shibboleth.spring.metadata.NodeProcessingAttachingBeanPostProcessor#0]? Check the corresponding BeanPostProcessor declaration and its dependencies/advisors. If this bean does not have to be post-processed, declare it with ROLE_INFRASTRUCTURE.
2025-11-14 02:13:14,645 -  - WARN [org.springframework.context.support.PostProcessorRegistrationDelegate$BeanPostProcessorChecker:437] - Bean 'net.shibboleth.idp.saml.attribute.impl.AttributeMappingNodeProcessor#0' of type [net.shibboleth.idp.saml.attribute.impl.AttributeMappingNodeProcessor] is not eligible for getting processed by all BeanPostProcessors (for example: not eligible for auto-proxying). Is this bean getting eagerly injected/applied to a currently created BeanPostProcessor [net.shibboleth.spring.metadata.NodeProcessingAttachingBeanPostProcessor#0]? Check the corresponding BeanPostProcessor declaration and its dependencies/advisors. If this bean does not have to be post-processed, declare it with ROLE_INFRASTRUCTURE.
2025-11-14 02:13:16,817 -  - WARN [net.shibboleth.idp.admin.impl.ReportUpdateStatus:138] - Version 5.1.4 can be upgraded to 5.1.6
2025-11-14 02:13:16,818 -  - WARN [net.shibboleth.idp.admin.impl.ReportUpdateStatus:153] - Support level for 5.1.4 is OutOfDate
2025-11-14 02:13:18,207 - 172.20.0.3 - WARN [org.opensaml.saml.saml2.binding.decoding.impl.HTTPRedirectDeflateDecoder:219] - Signature algorithm could not be extracted from request, cannot build simple signature content
2025-11-14 02:13:18,208 - 172.20.0.3 - WARN [org.opensaml.saml.saml2.binding.decoding.impl.HTTPRedirectDeflateDecoder:177] - Could not extract signed content string from query string
2025-11-14 02:14:04,235 - 172.20.0.3 - WARN [org.opensaml.saml.saml2.binding.decoding.impl.HTTPRedirectDeflateDecoder:219] - Signature algorithm could not be extracted from request, cannot build simple signature content
2025-11-14 02:14:04,235 - 172.20.0.3 - WARN [org.opensaml.saml.saml2.binding.decoding.impl.HTTPRedirectDeflateDecoder:177] - Could not extract signed content string from query string
2025-11-14 02:14:20,679 - 172.20.0.3 - WARN [net.shibboleth.idp.authn.impl.FinalizeAuthentication:168] - Profile Action FinalizeAuthentication: Authentication result for flow authn/MFA did not satisfy the request
2025-11-14 02:14:20,683 - 172.20.0.3 - WARN [org.opensaml.profile.action.impl.LogEvent:94] - A non-proceed event occurred while processing the request: RequestUnsupported
2025-11-14 03:17:14,677 -  - WARN [net.shibboleth.shared.security.impl.BasicKeystoreKeyStrategy:361] - Keystore version resource unmodified in 30 days, consider rotating key
2025-11-14 03:17:15,098 -  - WARN [org.springframework.context.support.PostProcessorRegistrationDelegate$BeanPostProcessorChecker:437] - Bean 'org.opensaml.saml.metadata.resolver.filter.impl.EntitiesDescriptorNameProcessor#0' of type [org.opensaml.saml.metadata.resolver.filter.impl.EntitiesDescriptorNameProcessor] is not eligible for getting processed by all BeanPostProcessors (for example: not eligible for auto-proxying). Is this bean getting eagerly injected/applied to a currently created BeanPostProcessor [net.shibboleth.spring.metadata.NodeProcessingAttachingBeanPostProcessor#0]? Check the corresponding BeanPostProcessor declaration and its dependencies/advisors. If this bean does not have to be post-processed, declare it with ROLE_INFRASTRUCTURE.
2025-11-14 03:17:15,099 -  - WARN [org.springframework.context.support.PostProcessorRegistrationDelegate$BeanPostProcessorChecker:437] - Bean 'net.shibboleth.idp.saml.security.impl.KeyAuthorityNodeProcessor#0' of type [net.shibboleth.idp.saml.security.impl.KeyAuthorityNodeProcessor] is not eligible for getting processed by all BeanPostProcessors (for example: not eligible for auto-proxying). Is this bean getting eagerly injected/applied to a currently created BeanPostProcessor [net.shibboleth.spring.metadata.NodeProcessingAttachingBeanPostProcessor#0]? Check the corresponding BeanPostProcessor declaration and its dependencies/advisors. If this bean does not have to be post-processed, declare it with ROLE_INFRASTRUCTURE.
2025-11-14 03:17:15,099 -  - WARN [org.springframework.context.support.PostProcessorRegistrationDelegate$BeanPostProcessorChecker:437] - Bean 'net.shibboleth.idp.saml.metadata.impl.ScopesNodeProcessor#0' of type [net.shibboleth.idp.saml.metadata.impl.ScopesNodeProcessor] is not eligible for getting processed by all BeanPostProcessors (for example: not eligible for auto-proxying). Is this bean getting eagerly injected/applied to a currently created BeanPostProcessor [net.shibboleth.spring.metadata.NodeProcessingAttachingBeanPostProcessor#0]? Check the corresponding BeanPostProcessor declaration and its dependencies/advisors. If this bean does not have to be post-processed, declare it with ROLE_INFRASTRUCTURE.
2025-11-14 03:17:15,099 -  - WARN [org.springframework.context.support.PostProcessorRegistrationDelegate$BeanPostProcessorChecker:437] - Bean 'net.shibboleth.idp.saml.metadata.impl.UIInfoNodeProcessor#0' of type [net.shibboleth.idp.saml.metadata.impl.UIInfoNodeProcessor] is not eligible for getting processed by all BeanPostProcessors (for example: not eligible for auto-proxying). Is this bean getting eagerly injected/applied to a currently created BeanPostProcessor [net.shibboleth.spring.metadata.NodeProcessingAttachingBeanPostProcessor#0]? Check the corresponding BeanPostProcessor declaration and its dependencies/advisors. If this bean does not have to be post-processed, declare it with ROLE_INFRASTRUCTURE.
2025-11-14 03:17:15,100 -  - WARN [org.springframework.context.support.PostProcessorRegistrationDelegate$BeanPostProcessorChecker:437] - Bean 'net.shibboleth.idp.saml.attribute.impl.AttributeMappingNodeProcessor#0' of type [net.shibboleth.idp.saml.attribute.impl.AttributeMappingNodeProcessor] is not eligible for getting processed by all BeanPostProcessors (for example: not eligible for auto-proxying). Is this bean getting eagerly injected/applied to a currently created BeanPostProcessor [net.shibboleth.spring.metadata.NodeProcessingAttachingBeanPostProcessor#0]? Check the corresponding BeanPostProcessor declaration and its dependencies/advisors. If this bean does not have to be post-processed, declare it with ROLE_INFRASTRUCTURE.
2025-11-14 03:17:16,091 -  - WARN [net.shibboleth.idp.admin.impl.LogImplementationDetails:105] - Duplicate properties were detected: idp.additionalProperties,
2025-11-14 03:17:17,237 -  - WARN [net.shibboleth.idp.admin.impl.ReportUpdateStatus:138] - Version 5.1.4 can be upgraded to 5.1.6
2025-11-14 03:17:17,238 -  - WARN [net.shibboleth.idp.admin.impl.ReportUpdateStatus:153] - Support level for 5.1.4 is OutOfDate
2025-11-14 04:04:15,355 -  - WARN [net.shibboleth.shared.security.impl.BasicKeystoreKeyStrategy:361] - Keystore version resource unmodified in 30 days, consider rotating key
2025-11-14 04:04:15,793 -  - WARN [org.springframework.context.support.PostProcessorRegistrationDelegate$BeanPostProcessorChecker:437] - Bean 'org.opensaml.saml.metadata.resolver.filter.impl.EntitiesDescriptorNameProcessor#0' of type [org.opensaml.saml.metadata.resolver.filter.impl.EntitiesDescriptorNameProcessor] is not eligible for getting processed by all BeanPostProcessors (for example: not eligible for auto-proxying). Is this bean getting eagerly injected/applied to a currently created BeanPostProcessor [net.shibboleth.spring.metadata.NodeProcessingAttachingBeanPostProcessor#0]? Check the corresponding BeanPostProcessor declaration and its dependencies/advisors. If this bean does not have to be post-processed, declare it with ROLE_INFRASTRUCTURE.
2025-11-14 04:04:15,794 -  - WARN [org.springframework.context.support.PostProcessorRegistrationDelegate$BeanPostProcessorChecker:437] - Bean 'net.shibboleth.idp.saml.security.impl.KeyAuthorityNodeProcessor#0' of type [net.shibboleth.idp.saml.security.impl.KeyAuthorityNodeProcessor] is not eligible for getting processed by all BeanPostProcessors (for example: not eligible for auto-proxying). Is this bean getting eagerly injected/applied to a currently created BeanPostProcessor [net.shibboleth.spring.metadata.NodeProcessingAttachingBeanPostProcessor#0]? Check the corresponding BeanPostProcessor declaration and its dependencies/advisors. If this bean does not have to be post-processed, declare it with ROLE_INFRASTRUCTURE.
2025-11-14 04:04:15,794 -  - WARN [org.springframework.context.support.PostProcessorRegistrationDelegate$BeanPostProcessorChecker:437] - Bean 'net.shibboleth.idp.saml.metadata.impl.ScopesNodeProcessor#0' of type [net.shibboleth.idp.saml.metadata.impl.ScopesNodeProcessor] is not eligible for getting processed by all BeanPostProcessors (for example: not eligible for auto-proxying). Is this bean getting eagerly injected/applied to a currently created BeanPostProcessor [net.shibboleth.spring.metadata.NodeProcessingAttachingBeanPostProcessor#0]? Check the corresponding BeanPostProcessor declaration and its dependencies/advisors. If this bean does not have to be post-processed, declare it with ROLE_INFRASTRUCTURE.
2025-11-14 04:04:15,795 -  - WARN [org.springframework.context.support.PostProcessorRegistrationDelegate$BeanPostProcessorChecker:437] - Bean 'net.shibboleth.idp.saml.metadata.impl.UIInfoNodeProcessor#0' of type [net.shibboleth.idp.saml.metadata.impl.UIInfoNodeProcessor] is not eligible for getting processed by all BeanPostProcessors (for example: not eligible for auto-proxying). Is this bean getting eagerly injected/applied to a currently created BeanPostProcessor [net.shibboleth.spring.metadata.NodeProcessingAttachingBeanPostProcessor#0]? Check the corresponding BeanPostProcessor declaration and its dependencies/advisors. If this bean does not have to be post-processed, declare it with ROLE_INFRASTRUCTURE.
2025-11-14 04:04:15,796 -  - WARN [org.springframework.context.support.PostProcessorRegistrationDelegate$BeanPostProcessorChecker:437] - Bean 'net.shibboleth.idp.saml.attribute.impl.AttributeMappingNodeProcessor#0' of type [net.shibboleth.idp.saml.attribute.impl.AttributeMappingNodeProcessor] is not eligible for getting processed by all BeanPostProcessors (for example: not eligible for auto-proxying). Is this bean getting eagerly injected/applied to a currently created BeanPostProcessor [net.shibboleth.spring.metadata.NodeProcessingAttachingBeanPostProcessor#0]? Check the corresponding BeanPostProcessor declaration and its dependencies/advisors. If this bean does not have to be post-processed, declare it with ROLE_INFRASTRUCTURE.
2025-11-14 04:04:16,822 -  - WARN [net.shibboleth.idp.admin.impl.LogImplementationDetails:105] - Duplicate properties were detected: idp.additionalProperties,
2025-11-14 04:04:17,908 -  - WARN [net.shibboleth.idp.admin.impl.ReportUpdateStatus:138] - Version 5.1.4 can be upgraded to 5.1.6
2025-11-14 04:04:17,909 -  - WARN [net.shibboleth.idp.admin.impl.ReportUpdateStatus:153] - Support level for 5.1.4 is OutOfDate
2025-11-14 04:05:09,498 -  - WARN [net.shibboleth.shared.security.impl.BasicKeystoreKeyStrategy:361] - Keystore version resource unmodified in 30 days, consider rotating key
2025-11-14 04:05:09,929 -  - WARN [org.springframework.context.support.PostProcessorRegistrationDelegate$BeanPostProcessorChecker:437] - Bean 'org.opensaml.saml.metadata.resolver.filter.impl.EntitiesDescriptorNameProcessor#0' of type [org.opensaml.saml.metadata.resolver.filter.impl.EntitiesDescriptorNameProcessor] is not eligible for getting processed by all BeanPostProcessors (for example: not eligible for auto-proxying). Is this bean getting eagerly injected/applied to a currently created BeanPostProcessor [net.shibboleth.spring.metadata.NodeProcessingAttachingBeanPostProcessor#0]? Check the corresponding BeanPostProcessor declaration and its dependencies/advisors. If this bean does not have to be post-processed, declare it with ROLE_INFRASTRUCTURE.
2025-11-14 04:05:09,929 -  - WARN [org.springframework.context.support.PostProcessorRegistrationDelegate$BeanPostProcessorChecker:437] - Bean 'net.shibboleth.idp.saml.security.impl.KeyAuthorityNodeProcessor#0' of type [net.shibboleth.idp.saml.security.impl.KeyAuthorityNodeProcessor] is not eligible for getting processed by all BeanPostProcessors (for example: not eligible for auto-proxying). Is this bean getting eagerly injected/applied to a currently created BeanPostProcessor [net.shibboleth.spring.metadata.NodeProcessingAttachingBeanPostProcessor#0]? Check the corresponding BeanPostProcessor declaration and its dependencies/advisors. If this bean does not have to be post-processed, declare it with ROLE_INFRASTRUCTURE.
2025-11-14 04:05:09,929 -  - WARN [org.springframework.context.support.PostProcessorRegistrationDelegate$BeanPostProcessorChecker:437] - Bean 'net.shibboleth.idp.saml.metadata.impl.ScopesNodeProcessor#0' of type [net.shibboleth.idp.saml.metadata.impl.ScopesNodeProcessor] is not eligible for getting processed by all BeanPostProcessors (for example: not eligible for auto-proxying). Is this bean getting eagerly injected/applied to a currently created BeanPostProcessor [net.shibboleth.spring.metadata.NodeProcessingAttachingBeanPostProcessor#0]? Check the corresponding BeanPostProcessor declaration and its dependencies/advisors. If this bean does not have to be post-processed, declare it with ROLE_INFRASTRUCTURE.
2025-11-14 04:05:09,930 -  - WARN [org.springframework.context.support.PostProcessorRegistrationDelegate$BeanPostProcessorChecker:437] - Bean 'net.shibboleth.idp.saml.metadata.impl.UIInfoNodeProcessor#0' of type [net.shibboleth.idp.saml.metadata.impl.UIInfoNodeProcessor] is not eligible for getting processed by all BeanPostProcessors (for example: not eligible for auto-proxying). Is this bean getting eagerly injected/applied to a currently created BeanPostProcessor [net.shibboleth.spring.metadata.NodeProcessingAttachingBeanPostProcessor#0]? Check the corresponding BeanPostProcessor declaration and its dependencies/advisors. If this bean does not have to be post-processed, declare it with ROLE_INFRASTRUCTURE.
2025-11-14 04:05:09,931 -  - WARN [org.springframework.context.support.PostProcessorRegistrationDelegate$BeanPostProcessorChecker:437] - Bean 'net.shibboleth.idp.saml.attribute.impl.AttributeMappingNodeProcessor#0' of type [net.shibboleth.idp.saml.attribute.impl.AttributeMappingNodeProcessor] is not eligible for getting processed by all BeanPostProcessors (for example: not eligible for auto-proxying). Is this bean getting eagerly injected/applied to a currently created BeanPostProcessor [net.shibboleth.spring.metadata.NodeProcessingAttachingBeanPostProcessor#0]? Check the corresponding BeanPostProcessor declaration and its dependencies/advisors. If this bean does not have to be post-processed, declare it with ROLE_INFRASTRUCTURE.
2025-11-14 04:05:10,960 -  - WARN [net.shibboleth.idp.admin.impl.LogImplementationDetails:105] - Duplicate properties were detected: idp.additionalProperties,
2025-11-14 04:05:12,035 -  - WARN [net.shibboleth.idp.admin.impl.ReportUpdateStatus:138] - Version 5.1.4 can be upgraded to 5.1.6
2025-11-14 04:05:12,035 -  - WARN [net.shibboleth.idp.admin.impl.ReportUpdateStatus:153] - Support level for 5.1.4 is OutOfDate
2025-11-14 04:10:09,633 -  - WARN [net.shibboleth.shared.security.impl.BasicKeystoreKeyStrategy:361] - Keystore version resource unmodified in 30 days, consider rotating key
2025-11-14 04:10:10,056 -  - WARN [org.springframework.context.support.PostProcessorRegistrationDelegate$BeanPostProcessorChecker:437] - Bean 'org.opensaml.saml.metadata.resolver.filter.impl.EntitiesDescriptorNameProcessor#0' of type [org.opensaml.saml.metadata.resolver.filter.impl.EntitiesDescriptorNameProcessor] is not eligible for getting processed by all BeanPostProcessors (for example: not eligible for auto-proxying). Is this bean getting eagerly injected/applied to a currently created BeanPostProcessor [net.shibboleth.spring.metadata.NodeProcessingAttachingBeanPostProcessor#0]? Check the corresponding BeanPostProcessor declaration and its dependencies/advisors. If this bean does not have to be post-processed, declare it with ROLE_INFRASTRUCTURE.
2025-11-14 04:10:10,056 -  - WARN [org.springframework.context.support.PostProcessorRegistrationDelegate$BeanPostProcessorChecker:437] - Bean 'net.shibboleth.idp.saml.security.impl.KeyAuthorityNodeProcessor#0' of type [net.shibboleth.idp.saml.security.impl.KeyAuthorityNodeProcessor] is not eligible for getting processed by all BeanPostProcessors (for example: not eligible for auto-proxying). Is this bean getting eagerly injected/applied to a currently created BeanPostProcessor [net.shibboleth.spring.metadata.NodeProcessingAttachingBeanPostProcessor#0]? Check the corresponding BeanPostProcessor declaration and its dependencies/advisors. If this bean does not have to be post-processed, declare it with ROLE_INFRASTRUCTURE.
2025-11-14 04:10:10,057 -  - WARN [org.springframework.context.support.PostProcessorRegistrationDelegate$BeanPostProcessorChecker:437] - Bean 'net.shibboleth.idp.saml.metadata.impl.ScopesNodeProcessor#0' of type [net.shibboleth.idp.saml.metadata.impl.ScopesNodeProcessor] is not eligible for getting processed by all BeanPostProcessors (for example: not eligible for auto-proxying). Is this bean getting eagerly injected/applied to a currently created BeanPostProcessor [net.shibboleth.spring.metadata.NodeProcessingAttachingBeanPostProcessor#0]? Check the corresponding BeanPostProcessor declaration and its dependencies/advisors. If this bean does not have to be post-processed, declare it with ROLE_INFRASTRUCTURE.
2025-11-14 04:10:10,057 -  - WARN [org.springframework.context.support.PostProcessorRegistrationDelegate$BeanPostProcessorChecker:437] - Bean 'net.shibboleth.idp.saml.metadata.impl.UIInfoNodeProcessor#0' of type [net.shibboleth.idp.saml.metadata.impl.UIInfoNodeProcessor] is not eligible for getting processed by all BeanPostProcessors (for example: not eligible for auto-proxying). Is this bean getting eagerly injected/applied to a currently created BeanPostProcessor [net.shibboleth.spring.metadata.NodeProcessingAttachingBeanPostProcessor#0]? Check the corresponding BeanPostProcessor declaration and its dependencies/advisors. If this bean does not have to be post-processed, declare it with ROLE_INFRASTRUCTURE.
2025-11-14 04:10:10,058 -  - WARN [org.springframework.context.support.PostProcessorRegistrationDelegate$BeanPostProcessorChecker:437] - Bean 'net.shibboleth.idp.saml.attribute.impl.AttributeMappingNodeProcessor#0' of type [net.shibboleth.idp.saml.attribute.impl.AttributeMappingNodeProcessor] is not eligible for getting processed by all BeanPostProcessors (for example: not eligible for auto-proxying). Is this bean getting eagerly injected/applied to a currently created BeanPostProcessor [net.shibboleth.spring.metadata.NodeProcessingAttachingBeanPostProcessor#0]? Check the corresponding BeanPostProcessor declaration and its dependencies/advisors. If this bean does not have to be post-processed, declare it with ROLE_INFRASTRUCTURE.
2025-11-14 04:10:11,081 -  - WARN [net.shibboleth.idp.admin.impl.LogImplementationDetails:105] - Duplicate properties were detected: idp.additionalProperties,
2025-11-14 04:10:12,187 -  - WARN [net.shibboleth.idp.admin.impl.ReportUpdateStatus:138] - Version 5.1.4 can be upgraded to 5.1.6
2025-11-14 04:10:12,187 -  - WARN [net.shibboleth.idp.admin.impl.ReportUpdateStatus:153] - Support level for 5.1.4 is OutOfDate
2025-11-14 04:10:13,972 - 172.20.0.3 - ERROR [org.springframework.webflow.execution.repository.NoSuchFlowExecutionException:144] - 
org.springframework.webflow.execution.repository.NoSuchFlowExecutionException: No flow execution could be found with key 'e3s2' -- perhaps this executing flow has ended or expired? This could happen if your users are relying on browser history (typically via the back button) that references ended flows.
	at org.springframework.webflow.execution.repository.support.AbstractFlowExecutionRepository.getConversation(AbstractFlowExecutionRepository.java:172)
	at org.springframework.webflow.execution.repository.support.AbstractFlowExecutionRepository.getLock(AbstractFlowExecutionRepository.java:125)
	at org.springframework.webflow.executor.FlowExecutorImpl.resumeExecution(FlowExecutorImpl.java:164)
	at org.springframework.webflow.mvc.servlet.FlowHandlerAdapter.handle(FlowHandlerAdapter.java:254)
	at org.springframework.web.servlet.DispatcherServlet.doDispatch(DispatcherServlet.java:1089)
	at org.springframework.web.servlet.DispatcherServlet.doService(DispatcherServlet.java:979)
	at org.springframework.web.servlet.FrameworkServlet.processRequest(FrameworkServlet.java:1014)
	at org.springframework.web.servlet.FrameworkServlet.doGet(FrameworkServlet.java:903)
	at jakarta.servlet.http.HttpServlet.service(HttpServlet.java:500)
	at org.springframework.web.servlet.FrameworkServlet.service(FrameworkServlet.java:885)
	at jakarta.servlet.http.HttpServlet.service(HttpServlet.java:587)
	at org.eclipse.jetty.ee9.servlet.ServletHolder$NotAsync.service(ServletHolder.java:1406)
	at org.eclipse.jetty.ee9.servlet.ServletHolder.handle(ServletHolder.java:765)
	at org.eclipse.jetty.ee9.servlet.ServletHandler$ChainEnd.doFilter(ServletHandler.java:1668)
	at net.shibboleth.shared.spring.servlet.impl.ChainingFilter$Chain.doFilter(ChainingFilter.java:116)
	at net.shibboleth.shared.spring.servlet.impl.RequestResponseContextFilter.runFilter(RequestResponseContextFilter.java:69)
	at net.shibboleth.shared.servlet.AbstractConditionalFilter.doFilter(AbstractConditionalFilter.java:83)
	at net.shibboleth.shared.spring.servlet.impl.ChainingFilter$Chain.doFilter(ChainingFilter.java:114)
	at net.shibboleth.shared.spring.servlet.impl.DynamicResponseHeaderFilter.runFilter(DynamicResponseHeaderFilter.java:129)
	at net.shibboleth.shared.servlet.AbstractConditionalFilter.doFilter(AbstractConditionalFilter.java:83)
	at net.shibboleth.shared.spring.servlet.impl.ChainingFilter$Chain.doFilter(ChainingFilter.java:114)
	at net.shibboleth.shared.spring.servlet.impl.CookieBufferingFilter.runFilter(CookieBufferingFilter.java:71)
	at net.shibboleth.shared.servlet.AbstractConditionalFilter.doFilter(AbstractConditionalFilter.java:83)
	at net.shibboleth.shared.spring.servlet.impl.ChainingFilter$Chain.doFilter(ChainingFilter.java:114)
	at net.shibboleth.idp.conf.impl.SLF4JMDCServletFilter.runFilter(SLF4JMDCServletFilter.java:115)
	at net.shibboleth.shared.servlet.AbstractConditionalFilter.doFilter(AbstractConditionalFilter.java:83)
	at net.shibboleth.shared.spring.servlet.impl.ChainingFilter$Chain.doFilter(ChainingFilter.java:114)
	at org.springframework.web.filter.CharacterEncodingFilter.doFilterInternal(CharacterEncodingFilter.java:201)
	at net.shibboleth.shared.spring.servlet.impl.CharacterEncodingFilter.doFilterInternal(CharacterEncodingFilter.java:80)
	at org.springframework.web.filter.OncePerRequestFilter.doFilter(OncePerRequestFilter.java:116)
	at net.shibboleth.shared.spring.servlet.impl.ChainingFilter$Chain.doFilter(ChainingFilter.java:114)
	at net.shibboleth.shared.spring.servlet.impl.ChainingFilter$Chain.doFilter(ChainingFilter.java:110)
	at net.shibboleth.shared.spring.servlet.impl.ChainingFilter.doFilter(ChainingFilter.java:76)
	at org.springframework.web.filter.DelegatingFilterProxy.invokeDelegate(DelegatingFilterProxy.java:362)
	at org.springframework.web.filter.DelegatingFilterProxy.doFilter(DelegatingFilterProxy.java:278)
	at org.eclipse.jetty.ee9.servlet.FilterHolder.doFilter(FilterHolder.java:210)
	at org.eclipse.jetty.ee9.servlet.ServletHandler$Chain.doFilter(ServletHandler.java:1638)
	at org.eclipse.jetty.ee9.servlet.ServletHandler.doHandle(ServletHandler.java:526)
	at org.eclipse.jetty.ee9.nested.ScopedHandler.handle(ScopedHandler.java:127)
	at org.eclipse.jetty.ee9.security.SecurityHandler.handle(SecurityHandler.java:603)
	at org.eclipse.jetty.ee9.nested.HandlerWrapper.handle(HandlerWrapper.java:124)
	at org.eclipse.jetty.ee9.nested.ScopedHandler.nextHandle(ScopedHandler.java:197)
	at org.eclipse.jetty.ee9.nested.SessionHandler.doHandle(SessionHandler.java:612)
	at org.eclipse.jetty.ee9.nested.ScopedHandler.nextHandle(ScopedHandler.java:195)
	at org.eclipse.jetty.ee9.nested.ContextHandler.doHandle(ContextHandler.java:1045)
	at org.eclipse.jetty.ee9.nested.ScopedHandler.nextScope(ScopedHandler.java:164)
	at org.eclipse.jetty.ee9.servlet.ServletHandler.doScope(ServletHandler.java:483)
	at org.eclipse.jetty.ee9.nested.ScopedHandler.nextScope(ScopedHandler.java:162)
	at org.eclipse.jetty.ee9.nested.SessionHandler.doScope(SessionHandler.java:589)
	at org.eclipse.jetty.ee9.nested.ScopedHandler.nextScope(ScopedHandler.java:162)
	at org.eclipse.jetty.ee9.nested.ContextHandler.doScope(ContextHandler.java:966)
	at org.eclipse.jetty.ee9.nested.ScopedHandler.handle(ScopedHandler.java:125)
	at org.eclipse.jetty.ee9.nested.ContextHandler.handle(ContextHandler.java:1719)
	at org.eclipse.jetty.ee9.nested.HttpChannel$RequestDispatchable.dispatch(HttpChannel.java:1564)
	at org.eclipse.jetty.ee9.nested.HttpChannel.dispatch(HttpChannel.java:723)
	at org.eclipse.jetty.ee9.nested.HttpChannel.handle(HttpChannel.java:511)
	at org.eclipse.jetty.ee9.nested.ContextHandler$CoreContextHandler$CoreToNestedHandler.handle(ContextHandler.java:2943)
	at org.eclipse.jetty.server.handler.ContextHandler.handle(ContextHandler.java:1071)
	at org.eclipse.jetty.server.handler.ContextHandlerCollection.handle(ContextHandlerCollection.java:181)
	at org.eclipse.jetty.server.Server.handle(Server.java:182)
	at org.eclipse.jetty.server.internal.HttpChannelState$HandlerInvoker.run(HttpChannelState.java:665)
	at org.eclipse.jetty.server.internal.HttpConnection.onFillable(HttpConnection.java:416)
	at org.eclipse.jetty.io.AbstractConnection$ReadCallback.succeeded(AbstractConnection.java:322)
	at org.eclipse.jetty.io.FillInterest.fillable(FillInterest.java:99)
	at org.eclipse.jetty.io.SelectableChannelEndPoint$1.run(SelectableChannelEndPoint.java:53)
	at org.eclipse.jetty.util.thread.QueuedThreadPool.runJob(QueuedThreadPool.java:981)
	at org.eclipse.jetty.util.thread.QueuedThreadPool$Runner.doRunJob(QueuedThreadPool.java:1211)
	at org.eclipse.jetty.util.thread.QueuedThreadPool$Runner.run(QueuedThreadPool.java:1166)
	at java.base/java.lang.Thread.run(Thread.java:840)
Caused by: org.springframework.webflow.conversation.NoSuchConversationException: No conversation could be found with id '3' -- perhaps this conversation has ended? 
	at org.springframework.webflow.conversation.impl.ConversationContainer.getConversation(ConversationContainer.java:124)
	at org.springframework.webflow.conversation.impl.SessionBindingConversationManager.getConversation(SessionBindingConversationManager.java:117)
	at org.springframework.webflow.execution.repository.support.AbstractFlowExecutionRepository.getConversation(AbstractFlowExecutionRepository.java:183)
	at org.springframework.webflow.execution.repository.support.AbstractFlowExecutionRepository.getConversation(AbstractFlowExecutionRepository.java:170)
	... 68 common frames omitted
2025-11-14 04:10:14,256 - 172.20.0.3 - ERROR [org.springframework.webflow.execution.repository.NoSuchFlowExecutionException:144] - 
org.springframework.webflow.execution.repository.NoSuchFlowExecutionException: No flow execution could be found with key 'e3s1' -- perhaps this executing flow has ended or expired? This could happen if your users are relying on browser history (typically via the back button) that references ended flows.
	at org.springframework.webflow.execution.repository.support.AbstractFlowExecutionRepository.getConversation(AbstractFlowExecutionRepository.java:172)
	at org.springframework.webflow.execution.repository.support.AbstractFlowExecutionRepository.getLock(AbstractFlowExecutionRepository.java:125)
	at org.springframework.webflow.executor.FlowExecutorImpl.resumeExecution(FlowExecutorImpl.java:164)
	at org.springframework.webflow.mvc.servlet.FlowHandlerAdapter.handle(FlowHandlerAdapter.java:254)
	at org.springframework.web.servlet.DispatcherServlet.doDispatch(DispatcherServlet.java:1089)
	at org.springframework.web.servlet.DispatcherServlet.doService(DispatcherServlet.java:979)
	at org.springframework.web.servlet.FrameworkServlet.processRequest(FrameworkServlet.java:1014)
	at org.springframework.web.servlet.FrameworkServlet.doGet(FrameworkServlet.java:903)
	at jakarta.servlet.http.HttpServlet.service(HttpServlet.java:500)
	at org.springframework.web.servlet.FrameworkServlet.service(FrameworkServlet.java:885)
	at jakarta.servlet.http.HttpServlet.service(HttpServlet.java:587)
	at org.eclipse.jetty.ee9.servlet.ServletHolder$NotAsync.service(ServletHolder.java:1406)
	at org.eclipse.jetty.ee9.servlet.ServletHolder.handle(ServletHolder.java:765)
	at org.eclipse.jetty.ee9.servlet.ServletHandler$ChainEnd.doFilter(ServletHandler.java:1668)
	at net.shibboleth.shared.spring.servlet.impl.ChainingFilter$Chain.doFilter(ChainingFilter.java:116)
	at net.shibboleth.shared.spring.servlet.impl.RequestResponseContextFilter.runFilter(RequestResponseContextFilter.java:69)
	at net.shibboleth.shared.servlet.AbstractConditionalFilter.doFilter(AbstractConditionalFilter.java:83)
	at net.shibboleth.shared.spring.servlet.impl.ChainingFilter$Chain.doFilter(ChainingFilter.java:114)
	at net.shibboleth.shared.spring.servlet.impl.DynamicResponseHeaderFilter.runFilter(DynamicResponseHeaderFilter.java:129)
	at net.shibboleth.shared.servlet.AbstractConditionalFilter.doFilter(AbstractConditionalFilter.java:83)
	at net.shibboleth.shared.spring.servlet.impl.ChainingFilter$Chain.doFilter(ChainingFilter.java:114)
	at net.shibboleth.shared.spring.servlet.impl.CookieBufferingFilter.runFilter(CookieBufferingFilter.java:71)
	at net.shibboleth.shared.servlet.AbstractConditionalFilter.doFilter(AbstractConditionalFilter.java:83)
	at net.shibboleth.shared.spring.servlet.impl.ChainingFilter$Chain.doFilter(ChainingFilter.java:114)
	at net.shibboleth.idp.conf.impl.SLF4JMDCServletFilter.runFilter(SLF4JMDCServletFilter.java:115)
	at net.shibboleth.shared.servlet.AbstractConditionalFilter.doFilter(AbstractConditionalFilter.java:83)
	at net.shibboleth.shared.spring.servlet.impl.ChainingFilter$Chain.doFilter(ChainingFilter.java:114)
	at org.springframework.web.filter.CharacterEncodingFilter.doFilterInternal(CharacterEncodingFilter.java:201)
	at net.shibboleth.shared.spring.servlet.impl.CharacterEncodingFilter.doFilterInternal(CharacterEncodingFilter.java:80)
	at org.springframework.web.filter.OncePerRequestFilter.doFilter(OncePerRequestFilter.java:116)
	at net.shibboleth.shared.spring.servlet.impl.ChainingFilter$Chain.doFilter(ChainingFilter.java:114)
	at net.shibboleth.shared.spring.servlet.impl.ChainingFilter$Chain.doFilter(ChainingFilter.java:110)
	at net.shibboleth.shared.spring.servlet.impl.ChainingFilter.doFilter(ChainingFilter.java:76)
	at org.springframework.web.filter.DelegatingFilterProxy.invokeDelegate(DelegatingFilterProxy.java:362)
	at org.springframework.web.filter.DelegatingFilterProxy.doFilter(DelegatingFilterProxy.java:278)
	at org.eclipse.jetty.ee9.servlet.FilterHolder.doFilter(FilterHolder.java:210)
	at org.eclipse.jetty.ee9.servlet.ServletHandler$Chain.doFilter(ServletHandler.java:1638)
	at org.eclipse.jetty.ee9.servlet.ServletHandler.doHandle(ServletHandler.java:526)
	at org.eclipse.jetty.ee9.nested.ScopedHandler.handle(ScopedHandler.java:127)
	at org.eclipse.jetty.ee9.security.SecurityHandler.handle(SecurityHandler.java:603)
	at org.eclipse.jetty.ee9.nested.HandlerWrapper.handle(HandlerWrapper.java:124)
	at org.eclipse.jetty.ee9.nested.ScopedHandler.nextHandle(ScopedHandler.java:197)
	at org.eclipse.jetty.ee9.nested.SessionHandler.doHandle(SessionHandler.java:612)
	at org.eclipse.jetty.ee9.nested.ScopedHandler.nextHandle(ScopedHandler.java:195)
	at org.eclipse.jetty.ee9.nested.ContextHandler.doHandle(ContextHandler.java:1045)
	at org.eclipse.jetty.ee9.nested.ScopedHandler.nextScope(ScopedHandler.java:164)
	at org.eclipse.jetty.ee9.servlet.ServletHandler.doScope(ServletHandler.java:483)
	at org.eclipse.jetty.ee9.nested.ScopedHandler.nextScope(ScopedHandler.java:162)
	at org.eclipse.jetty.ee9.nested.SessionHandler.doScope(SessionHandler.java:589)
	at org.eclipse.jetty.ee9.nested.ScopedHandler.nextScope(ScopedHandler.java:162)
	at org.eclipse.jetty.ee9.nested.ContextHandler.doScope(ContextHandler.java:966)
	at org.eclipse.jetty.ee9.nested.ScopedHandler.handle(ScopedHandler.java:125)
	at org.eclipse.jetty.ee9.nested.ContextHandler.handle(ContextHandler.java:1719)
	at org.eclipse.jetty.ee9.nested.HttpChannel$RequestDispatchable.dispatch(HttpChannel.java:1564)
	at org.eclipse.jetty.ee9.nested.HttpChannel.dispatch(HttpChannel.java:723)
	at org.eclipse.jetty.ee9.nested.HttpChannel.handle(HttpChannel.java:511)
	at org.eclipse.jetty.ee9.nested.ContextHandler$CoreContextHandler$CoreToNestedHandler.handle(ContextHandler.java:2943)
	at org.eclipse.jetty.server.handler.ContextHandler.handle(ContextHandler.java:1071)
	at org.eclipse.jetty.server.handler.ContextHandlerCollection.handle(ContextHandlerCollection.java:181)
	at org.eclipse.jetty.server.Server.handle(Server.java:182)
	at org.eclipse.jetty.server.internal.HttpChannelState$HandlerInvoker.run(HttpChannelState.java:665)
	at org.eclipse.jetty.server.internal.HttpConnection.onFillable(HttpConnection.java:416)
	at org.eclipse.jetty.io.AbstractConnection$ReadCallback.succeeded(AbstractConnection.java:322)
	at org.eclipse.jetty.io.FillInterest.fillable(FillInterest.java:99)
	at org.eclipse.jetty.io.SelectableChannelEndPoint$1.run(SelectableChannelEndPoint.java:53)
	at org.eclipse.jetty.util.thread.strategy.AdaptiveExecutionStrategy.runTask(AdaptiveExecutionStrategy.java:480)
	at org.eclipse.jetty.util.thread.strategy.AdaptiveExecutionStrategy.consumeTask(AdaptiveExecutionStrategy.java:443)
	at org.eclipse.jetty.util.thread.strategy.AdaptiveExecutionStrategy.tryProduce(AdaptiveExecutionStrategy.java:293)
	at org.eclipse.jetty.util.thread.strategy.AdaptiveExecutionStrategy.produce(AdaptiveExecutionStrategy.java:195)
	at org.eclipse.jetty.util.thread.QueuedThreadPool.runJob(QueuedThreadPool.java:981)
	at org.eclipse.jetty.util.thread.QueuedThreadPool$Runner.doRunJob(QueuedThreadPool.java:1211)
	at org.eclipse.jetty.util.thread.QueuedThreadPool$Runner.run(QueuedThreadPool.java:1166)
	at java.base/java.lang.Thread.run(Thread.java:840)
Caused by: org.springframework.webflow.conversation.NoSuchConversationException: No conversation could be found with id '3' -- perhaps this conversation has ended? 
	at org.springframework.webflow.conversation.impl.ConversationContainer.getConversation(ConversationContainer.java:124)
	at org.springframework.webflow.conversation.impl.SessionBindingConversationManager.getConversation(SessionBindingConversationManager.java:117)
	at org.springframework.webflow.execution.repository.support.AbstractFlowExecutionRepository.getConversation(AbstractFlowExecutionRepository.java:183)
	at org.springframework.webflow.execution.repository.support.AbstractFlowExecutionRepository.getConversation(AbstractFlowExecutionRepository.java:170)
	... 72 common frames omitted
2025-11-14 04:10:22,973 - 172.20.0.3 - WARN [org.opensaml.saml.saml2.binding.decoding.impl.HTTPRedirectDeflateDecoder:219] - Signature algorithm could not be extracted from request, cannot build simple signature content
2025-11-14 04:10:22,974 - 172.20.0.3 - WARN [org.opensaml.saml.saml2.binding.decoding.impl.HTTPRedirectDeflateDecoder:177] - Could not extract signed content string from query string
2025-11-14 04:10:23,815 - 172.20.0.3 - ERROR [net.shibboleth.idp.authn.impl.TransitionMultiFactorAuthentication:273] - Profile Action TransitionMultiFactorAuthentication: Targeted login flow 'authn/WebAuthn3' is not configured, check available flow descriptors
2025-11-14 04:10:34,123 - 172.20.0.3 - WARN [org.opensaml.saml.saml2.binding.decoding.impl.HTTPRedirectDeflateDecoder:219] - Signature algorithm could not be extracted from request, cannot build simple signature content
2025-11-14 04:10:34,123 - 172.20.0.3 - WARN [org.opensaml.saml.saml2.binding.decoding.impl.HTTPRedirectDeflateDecoder:177] - Could not extract signed content string from query string
2025-11-14 04:10:45,412 - 172.20.0.3 - WARN [org.opensaml.saml.saml2.binding.decoding.impl.HTTPRedirectDeflateDecoder:219] - Signature algorithm could not be extracted from request, cannot build simple signature content
2025-11-14 04:10:45,412 - 172.20.0.3 - WARN [org.opensaml.saml.saml2.binding.decoding.impl.HTTPRedirectDeflateDecoder:177] - Could not extract signed content string from query string
2025-11-14 04:11:03,743 - 172.20.0.3 - WARN [org.opensaml.saml.saml2.binding.decoding.impl.HTTPRedirectDeflateDecoder:219] - Signature algorithm could not be extracted from request, cannot build simple signature content
2025-11-14 04:11:03,743 - 172.20.0.3 - WARN [org.opensaml.saml.saml2.binding.decoding.impl.HTTPRedirectDeflateDecoder:177] - Could not extract signed content string from query string
2025-11-14 04:54:20,666 -  - WARN [net.shibboleth.shared.security.impl.BasicKeystoreKeyStrategy:361] - Keystore version resource unmodified in 30 days, consider rotating key
2025-11-14 04:54:21,150 -  - WARN [org.springframework.context.support.PostProcessorRegistrationDelegate$BeanPostProcessorChecker:437] - Bean 'org.opensaml.saml.metadata.resolver.filter.impl.EntitiesDescriptorNameProcessor#0' of type [org.opensaml.saml.metadata.resolver.filter.impl.EntitiesDescriptorNameProcessor] is not eligible for getting processed by all BeanPostProcessors (for example: not eligible for auto-proxying). Is this bean getting eagerly injected/applied to a currently created BeanPostProcessor [net.shibboleth.spring.metadata.NodeProcessingAttachingBeanPostProcessor#0]? Check the corresponding BeanPostProcessor declaration and its dependencies/advisors. If this bean does not have to be post-processed, declare it with ROLE_INFRASTRUCTURE.
2025-11-14 04:54:21,151 -  - WARN [org.springframework.context.support.PostProcessorRegistrationDelegate$BeanPostProcessorChecker:437] - Bean 'net.shibboleth.idp.saml.security.impl.KeyAuthorityNodeProcessor#0' of type [net.shibboleth.idp.saml.security.impl.KeyAuthorityNodeProcessor] is not eligible for getting processed by all BeanPostProcessors (for example: not eligible for auto-proxying). Is this bean getting eagerly injected/applied to a currently created BeanPostProcessor [net.shibboleth.spring.metadata.NodeProcessingAttachingBeanPostProcessor#0]? Check the corresponding BeanPostProcessor declaration and its dependencies/advisors. If this bean does not have to be post-processed, declare it with ROLE_INFRASTRUCTURE.
2025-11-14 04:54:21,151 -  - WARN [org.springframework.context.support.PostProcessorRegistrationDelegate$BeanPostProcessorChecker:437] - Bean 'net.shibboleth.idp.saml.metadata.impl.ScopesNodeProcessor#0' of type [net.shibboleth.idp.saml.metadata.impl.ScopesNodeProcessor] is not eligible for getting processed by all BeanPostProcessors (for example: not eligible for auto-proxying). Is this bean getting eagerly injected/applied to a currently created BeanPostProcessor [net.shibboleth.spring.metadata.NodeProcessingAttachingBeanPostProcessor#0]? Check the corresponding BeanPostProcessor declaration and its dependencies/advisors. If this bean does not have to be post-processed, declare it with ROLE_INFRASTRUCTURE.
2025-11-14 04:54:21,151 -  - WARN [org.springframework.context.support.PostProcessorRegistrationDelegate$BeanPostProcessorChecker:437] - Bean 'net.shibboleth.idp.saml.metadata.impl.UIInfoNodeProcessor#0' of type [net.shibboleth.idp.saml.metadata.impl.UIInfoNodeProcessor] is not eligible for getting processed by all BeanPostProcessors (for example: not eligible for auto-proxying). Is this bean getting eagerly injected/applied to a currently created BeanPostProcessor [net.shibboleth.spring.metadata.NodeProcessingAttachingBeanPostProcessor#0]? Check the corresponding BeanPostProcessor declaration and its dependencies/advisors. If this bean does not have to be post-processed, declare it with ROLE_INFRASTRUCTURE.
2025-11-14 04:54:21,152 -  - WARN [org.springframework.context.support.PostProcessorRegistrationDelegate$BeanPostProcessorChecker:437] - Bean 'net.shibboleth.idp.saml.attribute.impl.AttributeMappingNodeProcessor#0' of type [net.shibboleth.idp.saml.attribute.impl.AttributeMappingNodeProcessor] is not eligible for getting processed by all BeanPostProcessors (for example: not eligible for auto-proxying). Is this bean getting eagerly injected/applied to a currently created BeanPostProcessor [net.shibboleth.spring.metadata.NodeProcessingAttachingBeanPostProcessor#0]? Check the corresponding BeanPostProcessor declaration and its dependencies/advisors. If this bean does not have to be post-processed, declare it with ROLE_INFRASTRUCTURE.
2025-11-14 04:54:22,156 -  - WARN [net.shibboleth.idp.admin.impl.LogImplementationDetails:105] - Duplicate properties were detected: idp.additionalProperties,
2025-11-14 04:54:23,254 -  - WARN [net.shibboleth.idp.admin.impl.ReportUpdateStatus:138] - Version 5.1.4 can be upgraded to 5.1.6
2025-11-14 04:54:23,255 -  - WARN [net.shibboleth.idp.admin.impl.ReportUpdateStatus:153] - Support level for 5.1.4 is OutOfDate
2025-11-14 04:54:45,174 -  - WARN [net.shibboleth.shared.security.impl.BasicKeystoreKeyStrategy:361] - Keystore version resource unmodified in 30 days, consider rotating key
2025-11-14 04:54:45,598 -  - WARN [org.springframework.context.support.PostProcessorRegistrationDelegate$BeanPostProcessorChecker:437] - Bean 'org.opensaml.saml.metadata.resolver.filter.impl.EntitiesDescriptorNameProcessor#0' of type [org.opensaml.saml.metadata.resolver.filter.impl.EntitiesDescriptorNameProcessor] is not eligible for getting processed by all BeanPostProcessors (for example: not eligible for auto-proxying). Is this bean getting eagerly injected/applied to a currently created BeanPostProcessor [net.shibboleth.spring.metadata.NodeProcessingAttachingBeanPostProcessor#0]? Check the corresponding BeanPostProcessor declaration and its dependencies/advisors. If this bean does not have to be post-processed, declare it with ROLE_INFRASTRUCTURE.
2025-11-14 04:54:45,599 -  - WARN [org.springframework.context.support.PostProcessorRegistrationDelegate$BeanPostProcessorChecker:437] - Bean 'net.shibboleth.idp.saml.security.impl.KeyAuthorityNodeProcessor#0' of type [net.shibboleth.idp.saml.security.impl.KeyAuthorityNodeProcessor] is not eligible for getting processed by all BeanPostProcessors (for example: not eligible for auto-proxying). Is this bean getting eagerly injected/applied to a currently created BeanPostProcessor [net.shibboleth.spring.metadata.NodeProcessingAttachingBeanPostProcessor#0]? Check the corresponding BeanPostProcessor declaration and its dependencies/advisors. If this bean does not have to be post-processed, declare it with ROLE_INFRASTRUCTURE.
2025-11-14 04:54:45,599 -  - WARN [org.springframework.context.support.PostProcessorRegistrationDelegate$BeanPostProcessorChecker:437] - Bean 'net.shibboleth.idp.saml.metadata.impl.ScopesNodeProcessor#0' of type [net.shibboleth.idp.saml.metadata.impl.ScopesNodeProcessor] is not eligible for getting processed by all BeanPostProcessors (for example: not eligible for auto-proxying). Is this bean getting eagerly injected/applied to a currently created BeanPostProcessor [net.shibboleth.spring.metadata.NodeProcessingAttachingBeanPostProcessor#0]? Check the corresponding BeanPostProcessor declaration and its dependencies/advisors. If this bean does not have to be post-processed, declare it with ROLE_INFRASTRUCTURE.
2025-11-14 04:54:45,599 -  - WARN [org.springframework.context.support.PostProcessorRegistrationDelegate$BeanPostProcessorChecker:437] - Bean 'net.shibboleth.idp.saml.metadata.impl.UIInfoNodeProcessor#0' of type [net.shibboleth.idp.saml.metadata.impl.UIInfoNodeProcessor] is not eligible for getting processed by all BeanPostProcessors (for example: not eligible for auto-proxying). Is this bean getting eagerly injected/applied to a currently created BeanPostProcessor [net.shibboleth.spring.metadata.NodeProcessingAttachingBeanPostProcessor#0]? Check the corresponding BeanPostProcessor declaration and its dependencies/advisors. If this bean does not have to be post-processed, declare it with ROLE_INFRASTRUCTURE.
2025-11-14 04:54:45,600 -  - WARN [org.springframework.context.support.PostProcessorRegistrationDelegate$BeanPostProcessorChecker:437] - Bean 'net.shibboleth.idp.saml.attribute.impl.AttributeMappingNodeProcessor#0' of type [net.shibboleth.idp.saml.attribute.impl.AttributeMappingNodeProcessor] is not eligible for getting processed by all BeanPostProcessors (for example: not eligible for auto-proxying). Is this bean getting eagerly injected/applied to a currently created BeanPostProcessor [net.shibboleth.spring.metadata.NodeProcessingAttachingBeanPostProcessor#0]? Check the corresponding BeanPostProcessor declaration and its dependencies/advisors. If this bean does not have to be post-processed, declare it with ROLE_INFRASTRUCTURE.
2025-11-14 04:54:46,610 -  - WARN [net.shibboleth.idp.admin.impl.LogImplementationDetails:105] - Duplicate properties were detected: idp.additionalProperties,
2025-11-14 04:54:47,713 -  - WARN [net.shibboleth.idp.admin.impl.ReportUpdateStatus:138] - Version 5.1.4 can be upgraded to 5.1.6
2025-11-14 04:54:47,714 -  - WARN [net.shibboleth.idp.admin.impl.ReportUpdateStatus:153] - Support level for 5.1.4 is OutOfDate
2025-11-14 04:54:50,300 - 172.20.0.3 - WARN [org.opensaml.saml.saml2.binding.decoding.impl.HTTPRedirectDeflateDecoder:219] - Signature algorithm could not be extracted from request, cannot build simple signature content
2025-11-14 04:54:50,300 - 172.20.0.3 - WARN [org.opensaml.saml.saml2.binding.decoding.impl.HTTPRedirectDeflateDecoder:177] - Could not extract signed content string from query string
2025-11-14 04:54:55,592 - 172.20.0.3 - WARN [org.opensaml.saml.saml2.binding.decoding.impl.HTTPRedirectDeflateDecoder:219] - Signature algorithm could not be extracted from request, cannot build simple signature content
2025-11-14 04:54:55,592 - 172.20.0.3 - WARN [org.opensaml.saml.saml2.binding.decoding.impl.HTTPRedirectDeflateDecoder:177] - Could not extract signed content string from query string
2025-11-14 04:54:55,642 - 172.20.0.3 - ERROR [net.shibboleth.idp.authn.impl.TransitionMultiFactorAuthentication:273] - Profile Action TransitionMultiFactorAuthentication: Targeted login flow 'authn/WebAuthn3' is not configured, check available flow descriptors
2025-11-14 04:59:23,316 - 172.20.0.3 - WARN [org.opensaml.saml.saml2.binding.decoding.impl.HTTPRedirectDeflateDecoder:219] - Signature algorithm could not be extracted from request, cannot build simple signature content
2025-11-14 04:59:23,316 - 172.20.0.3 - WARN [org.opensaml.saml.saml2.binding.decoding.impl.HTTPRedirectDeflateDecoder:177] - Could not extract signed content string from query string
2025-11-14 04:59:23,352 - 172.20.0.3 - ERROR [net.shibboleth.idp.authn.impl.TransitionMultiFactorAuthentication:273] - Profile Action TransitionMultiFactorAuthentication: Targeted login flow 'authn/WebAuthn3' is not configured, check available flow descriptors
2025-11-14 04:59:38,698 - 172.20.0.3 - WARN [org.opensaml.saml.saml2.binding.decoding.impl.HTTPRedirectDeflateDecoder:219] - Signature algorithm could not be extracted from request, cannot build simple signature content
2025-11-14 04:59:38,698 - 172.20.0.3 - WARN [org.opensaml.saml.saml2.binding.decoding.impl.HTTPRedirectDeflateDecoder:177] - Could not extract signed content string from query string
2025-11-14 04:59:38,746 - 172.20.0.3 - ERROR [net.shibboleth.idp.authn.impl.TransitionMultiFactorAuthentication:273] - Profile Action TransitionMultiFactorAuthentication: Targeted login flow 'authn/WebAuthn3' is not configured, check available flow descriptors
2025-11-14 05:04:27,585 -  - WARN [net.shibboleth.shared.security.impl.BasicKeystoreKeyStrategy:361] - Keystore version resource unmodified in 30 days, consider rotating key
2025-11-14 05:04:28,025 -  - WARN [org.springframework.context.support.PostProcessorRegistrationDelegate$BeanPostProcessorChecker:437] - Bean 'org.opensaml.saml.metadata.resolver.filter.impl.EntitiesDescriptorNameProcessor#0' of type [org.opensaml.saml.metadata.resolver.filter.impl.EntitiesDescriptorNameProcessor] is not eligible for getting processed by all BeanPostProcessors (for example: not eligible for auto-proxying). Is this bean getting eagerly injected/applied to a currently created BeanPostProcessor [net.shibboleth.spring.metadata.NodeProcessingAttachingBeanPostProcessor#0]? Check the corresponding BeanPostProcessor declaration and its dependencies/advisors. If this bean does not have to be post-processed, declare it with ROLE_INFRASTRUCTURE.
2025-11-14 05:04:28,026 -  - WARN [org.springframework.context.support.PostProcessorRegistrationDelegate$BeanPostProcessorChecker:437] - Bean 'net.shibboleth.idp.saml.security.impl.KeyAuthorityNodeProcessor#0' of type [net.shibboleth.idp.saml.security.impl.KeyAuthorityNodeProcessor] is not eligible for getting processed by all BeanPostProcessors (for example: not eligible for auto-proxying). Is this bean getting eagerly injected/applied to a currently created BeanPostProcessor [net.shibboleth.spring.metadata.NodeProcessingAttachingBeanPostProcessor#0]? Check the corresponding BeanPostProcessor declaration and its dependencies/advisors. If this bean does not have to be post-processed, declare it with ROLE_INFRASTRUCTURE.
2025-11-14 05:04:28,026 -  - WARN [org.springframework.context.support.PostProcessorRegistrationDelegate$BeanPostProcessorChecker:437] - Bean 'net.shibboleth.idp.saml.metadata.impl.ScopesNodeProcessor#0' of type [net.shibboleth.idp.saml.metadata.impl.ScopesNodeProcessor] is not eligible for getting processed by all BeanPostProcessors (for example: not eligible for auto-proxying). Is this bean getting eagerly injected/applied to a currently created BeanPostProcessor [net.shibboleth.spring.metadata.NodeProcessingAttachingBeanPostProcessor#0]? Check the corresponding BeanPostProcessor declaration and its dependencies/advisors. If this bean does not have to be post-processed, declare it with ROLE_INFRASTRUCTURE.
2025-11-14 05:04:28,026 -  - WARN [org.springframework.context.support.PostProcessorRegistrationDelegate$BeanPostProcessorChecker:437] - Bean 'net.shibboleth.idp.saml.metadata.impl.UIInfoNodeProcessor#0' of type [net.shibboleth.idp.saml.metadata.impl.UIInfoNodeProcessor] is not eligible for getting processed by all BeanPostProcessors (for example: not eligible for auto-proxying). Is this bean getting eagerly injected/applied to a currently created BeanPostProcessor [net.shibboleth.spring.metadata.NodeProcessingAttachingBeanPostProcessor#0]? Check the corresponding BeanPostProcessor declaration and its dependencies/advisors. If this bean does not have to be post-processed, declare it with ROLE_INFRASTRUCTURE.
2025-11-14 05:04:28,027 -  - WARN [org.springframework.context.support.PostProcessorRegistrationDelegate$BeanPostProcessorChecker:437] - Bean 'net.shibboleth.idp.saml.attribute.impl.AttributeMappingNodeProcessor#0' of type [net.shibboleth.idp.saml.attribute.impl.AttributeMappingNodeProcessor] is not eligible for getting processed by all BeanPostProcessors (for example: not eligible for auto-proxying). Is this bean getting eagerly injected/applied to a currently created BeanPostProcessor [net.shibboleth.spring.metadata.NodeProcessingAttachingBeanPostProcessor#0]? Check the corresponding BeanPostProcessor declaration and its dependencies/advisors. If this bean does not have to be post-processed, declare it with ROLE_INFRASTRUCTURE.
2025-11-14 05:04:29,053 -  - WARN [net.shibboleth.idp.admin.impl.LogImplementationDetails:105] - Duplicate properties were detected: idp.additionalProperties,
2025-11-14 05:04:30,176 -  - WARN [net.shibboleth.idp.admin.impl.ReportUpdateStatus:138] - Version 5.1.4 can be upgraded to 5.1.6
2025-11-14 05:04:30,177 -  - WARN [net.shibboleth.idp.admin.impl.ReportUpdateStatus:153] - Support level for 5.1.4 is OutOfDate
2025-11-14 05:04:35,557 - 172.20.0.3 - WARN [org.opensaml.saml.saml2.binding.decoding.impl.HTTPRedirectDeflateDecoder:219] - Signature algorithm could not be extracted from request, cannot build simple signature content
2025-11-14 05:04:35,557 - 172.20.0.3 - WARN [org.opensaml.saml.saml2.binding.decoding.impl.HTTPRedirectDeflateDecoder:177] - Could not extract signed content string from query string
2025-11-14 05:04:36,438 - 172.20.0.3 - ERROR [net.shibboleth.idp.authn.impl.TransitionMultiFactorAuthentication:273] - Profile Action TransitionMultiFactorAuthentication: Targeted login flow 'authn/WebAuthn3' is not configured, check available flow descriptors
2025-11-14 05:04:54,097 - 172.20.0.3 - WARN [org.opensaml.saml.saml2.binding.decoding.impl.HTTPRedirectDeflateDecoder:219] - Signature algorithm could not be extracted from request, cannot build simple signature content
2025-11-14 05:04:54,097 - 172.20.0.3 - WARN [org.opensaml.saml.saml2.binding.decoding.impl.HTTPRedirectDeflateDecoder:177] - Could not extract signed content string from query string
2025-11-14 05:04:54,133 - 172.20.0.3 - ERROR [net.shibboleth.idp.authn.impl.TransitionMultiFactorAuthentication:273] - Profile Action TransitionMultiFactorAuthentication: Targeted login flow 'authn/WebAuthn3' is not configured, check available flow descriptors
